<?xml version="1.0" encoding="UTF-8"?>
<testng-results skipped="0" failed="1" ignored="0" total="1" passed="0">
  <reporter-output>
  </reporter-output>
  <suite name="Default suite" duration-ms="58408" started-at="2022-06-30T14:28:45Z" finished-at="2022-06-30T14:29:43Z">
    <groups>
    </groups>
    <test name="Default test" duration-ms="58408" started-at="2022-06-30T14:28:45Z" finished-at="2022-06-30T14:29:43Z">
      <class name="TestAutomation.RCTIPlus">
        <test-method status="PASS" signature="createDriver()[pri:0, instance:TestAutomation.RCTIPlus@2bbf180e]" name="createDriver" is-config="true" duration-ms="57453" started-at="2022-06-30T14:28:45Z" finished-at="2022-06-30T14:29:42Z">
          <reporter-output>
          </reporter-output>
        </test-method> <!-- createDriver -->
        <test-method status="FAIL" signature="testAutomasi()[pri:0, instance:TestAutomation.RCTIPlus@2bbf180e]" name="testAutomasi" duration-ms="71" started-at="2022-06-30T14:29:42Z" description="Welcome To RCTI PLus" finished-at="2022-06-30T14:29:43Z">
          <exception class="java.lang.Error">
            <message>
              <![CDATA[Unresolved compilation problems: 
Cannot override the final method from BasePage
Cannot reduce the visibility of the inherited method from BasePage
]]>
            </message>
            <full-stacktrace>
              <![CDATA[java.lang.Error: Unresolved compilation problems: 
Cannot override the final method from BasePage
Cannot reduce the visibility of the inherited method from BasePage

at TestAutomation.pages.LiveTVPage.clickAndWaitByXpath(LiveTVPage.java:21)
at TestAutomation.pages.LiveTVPage.chart(LiveTVPage.java:17)
at TestAutomation.RCTIPlus.testAutomasi(RCTIPlus.java:15)
at sun.reflect.NativeMethodAccessorImpl.invoke0(Native Method)
at sun.reflect.NativeMethodAccessorImpl.invoke(NativeMethodAccessorImpl.java:62)
at sun.reflect.DelegatingMethodAccessorImpl.invoke(DelegatingMethodAccessorImpl.java:43)
at java.lang.reflect.Method.invoke(Method.java:498)
at org.testng.internal.MethodInvocationHelper.invokeMethod(MethodInvocationHelper.java:124)
at org.testng.internal.Invoker.invokeMethod(Invoker.java:583)
at org.testng.internal.Invoker.invokeTestMethod(Invoker.java:719)
at org.testng.internal.Invoker.invokeTestMethods(Invoker.java:989)
at org.testng.internal.TestMethodWorker.invokeTestMethods(TestMethodWorker.java:125)
at org.testng.internal.TestMethodWorker.run(TestMethodWorker.java:109)
at org.testng.TestRunner.privateRun(TestRunner.java:648)
at org.testng.TestRunner.run(TestRunner.java:505)
at org.testng.SuiteRunner.runTest(SuiteRunner.java:455)
at org.testng.SuiteRunner.runSequentially(SuiteRunner.java:450)
at org.testng.SuiteRunner.privateRun(SuiteRunner.java:415)
at org.testng.SuiteRunner.run(SuiteRunner.java:364)
at org.testng.SuiteRunnerWorker.runSuite(SuiteRunnerWorker.java:52)
at org.testng.SuiteRunnerWorker.run(SuiteRunnerWorker.java:84)
at org.testng.TestNG.runSuitesSequentially(TestNG.java:1208)
at org.testng.TestNG.runSuitesLocally(TestNG.java:1137)
at org.testng.TestNG.runSuites(TestNG.java:1049)
at org.testng.TestNG.run(TestNG.java:1017)
at org.testng.remote.AbstractRemoteTestNG.run(AbstractRemoteTestNG.java:115)
at org.testng.remote.RemoteTestNG.initAndRun(RemoteTestNG.java:251)
at org.testng.remote.RemoteTestNG.main(RemoteTestNG.java:77)
]]>
            </full-stacktrace>
          </exception> <!-- java.lang.Error -->
          <reporter-output>
          </reporter-output>
        </test-method> <!-- testAutomasi -->
        <test-method status="PASS" signature="quitDriver()[pri:0, instance:TestAutomation.RCTIPlus@2bbf180e]" name="quitDriver" is-config="true" duration-ms="674" started-at="2022-06-30T14:29:43Z" finished-at="2022-06-30T14:29:43Z">
          <reporter-output>
          </reporter-output>
        </test-method> <!-- quitDriver -->
      </class> <!-- TestAutomation.RCTIPlus -->
    </test> <!-- Default test -->
  </suite> <!-- Default suite -->
</testng-results>
